2025-06-04 21:35:00 | INFO | repo=tictactoe | action=commit
2025-07-20 21:53:00 | DEBUG | repo=tictactoe | action=commit
2025-03-10 21:31:00 | WARN | repo=tictactoe | action=commit
2025-06-05 20:55:00 | WARN | repo=tictactoe | action=commit
2025-12-07 10:06:00 | DEBUG | repo=tictactoe | action=commit
2025-01-27 07:07:00 | INFO | repo=tictactoe | action=commit
2025-07-14 11:57:00 | INFO | repo=tictactoe | action=commit
2025-04-05 07:41:00 | DEBUG | repo=tictactoe | action=commit
2025-03-27 09:57:00 | INFO | repo=tictactoe | action=commit
2025-02-22 07:06:00 | DEBUG | repo=tictactoe | action=pull
2025-03-21 19:34:00 | DEBUG | repo=tictactoe | action=commit
2025-05-10 17:31:00 | WARN | repo=tictactoe | action=test | passed=true
2025-03-22 20:49:00 | WARN | repo=tictactoe | action=commit
2025-11-09 20:40:00 | INFO | repo=tictactoe | action=commit
2025-12-13 12:03:00 | DEBUG | repo=tictactoe | action=commit
2025-02-06 08:18:00 | WARN | repo=tictactoe | action=commit
2025-07-23 13:30:00 | INFO | repo=tictactoe | action=commit
2025-07-26 17:22:00 | WARN | repo=tictactoe | action=commit
2025-06-05 13:07:00 | WARN | repo=tictactoe | action=commit
2025-05-27 07:06:00 | WARN | repo=tictactoe | action=commit
2025-08-06 15:56:00 | INFO | repo=tictactoe | action=edit | files=2
2025-09-13 11:34:00 | INFO | repo=tictactoe | action=commit
2025-08-18 18:09:00 | INFO | repo=tictactoe | action=commit
2025-10-18 07:51:00 | WARN | repo=tictactoe | action=commit
2025-12-08 07:01:00 | WARN | repo=tictactoe | action=pull
2025-12-09 18:33:00 | WARN | repo=tictactoe | action=pull
2025-01-17 10:26:00 | WARN | repo=tictactoe | action=commit
2025-12-10 14:52:00 | INFO | repo=tictactoe | action=commit
2025-04-17 07:24:00 | DEBUG | repo=tictactoe | action=commit
2025-05-22 09:00:00 | WARN | repo=tictactoe | action=commit
2025-11-21 08:27:00 | DEBUG | repo=tictactoe | action=commit
2025-07-19 18:04:00 | DEBUG | repo=tictactoe | action=commit
2025-03-09 12:18:00 | DEBUG | repo=tictactoe | action=commit
2025-07-15 10:48:00 | WARN | repo=tictactoe | action=commit
2025-06-27 11:02:00 | INFO | repo=tictactoe | action=commit
2025-10-13 17:42:00 | INFO | repo=tictactoe | action=commit
2025-04-16 07:05:00 | DEBUG | repo=tictactoe | action=commit
2025-09-11 10:46:00 | INFO | repo=tictactoe | action=test | passed=true
2025-08-01 13:36:00 | INFO | repo=tictactoe | action=commit
2025-11-07 20:46:00 | DEBUG | repo=tictactoe | action=commit
2025-02-12 14:10:00 | DEBUG | repo=tictactoe | action=commit
